VirtualBox GUI VM Selector Window 5.2.14 r123301 linux.amd64 (Jun 29 2018 13:06:58) release log
00:00:01.989720 Log opened 2018-07-08T16:07:32.837455000Z
00:00:01.989722 Build Type: release
00:00:01.989723 OS Product: Linux
00:00:01.989724 OS Release: 4.15.0-24-generic
00:00:01.989725 OS Version: #26-Ubuntu SMP Wed Jun 13 08:44:47 UTC 2018
00:00:01.989742 DMI Product Name: 20EGS08J00
00:00:01.989749 DMI Product Version: ThinkPad W541
00:00:01.989782 Host RAM: 15669MB (15.3GB) total, 9961MB (9.7GB) available
00:00:01.989785 Executable: /usr/lib/virtualbox/VirtualBox
00:00:01.989785 Process ID: 17157
00:00:01.989786 Package type: LINUX_64BITS__UBUNTU_18_04
00:00:01.989802 Qt version: 5.9.5
00:00:02.174272 GUI: UIMediumEnumerator: Medium-enumeration started...
00:00:02.798373 Failed to open "/dev/vboxdrv", errno=13, rc=VERR_VM_DRIVER_NOT_ACCESSIBLE
00:00:02.799883 GUI: UIMediumEnumerator: Medium-enumeration finished!
00:00:02.810062 GUI: UIDesktopWidgetWatchdog::sltHandleHostScreenAvailableGeometryCalculated: Screen 0 work area is actually resized to: 1949x53 x 598x992
00:00:02.810609 GUI: UIDesktopWidgetWatchdog::sltHandleHostScreenAvailableGeometryCalculated: Screen 1 work area is actually resized to: 2567x53 x 620x992
00:00:05.344638 GUI: UIMediumEnumerator: Medium-enumeration started...
00:00:05.373483 GUI: UIMediumEnumerator: Medium-enumeration finished!
00:00:16.787390 GUI: UIMediumEnumerator: Medium with key={c3073459-5ee8-4703-a16a-0f72b0d56fd8} created
00:00:17.110064 GUI: UIMediumEnumerator: Medium-enumeration finished!
00:00:18.691621 GUI: UIMediumEnumerator: Medium-enumeration started...
00:00:18.828455 2D support test succeeded
00:00:18.933801 GUI: UIMediumEnumerator: Medium-enumeration finished!
00:01:17.914748 GUI: UIMediumEnumerator: Medium-enumeration finished!
00:01:50.471153 GUI: UIMediumEnumerator: Medium-enumeration finished!
00:01:53.986743 GUI: UIMediumEnumerator: Medium-enumeration finished!
00:02:53.517781 GUI: UIMediumEnumerator: Medium-enumeration finished!
00:02:54.411011 GUI: UIMediumEnumerator: Medium-enumeration finished!
00:18:14.074540 GUI: UIMediumEnumerator: Medium-enumeration finished!
00:18:14.645999 ERROR [COM]: aRC=NS_ERROR_UNEXPECTED (0x8000ffff) aIID={7844aa05-b02e-4cdd-a04f-ade4a762e6b7} aComponent={SessionWrap} aText={The session is not locked (session state: Unlocked)}, preserve=false aResultDetail=0
00:21:41.739042 GUI: UIMediumEnumerator: Medium-enumeration finished!
00:27:23.975300 GUI: UIMediumEnumerator: Medium-enumeration finished!
00:27:52.528093 GUI: UIMediumEnumerator: Medium-enumeration finished!
