VirtualBox XPCOM Server 5.2.14 r123301 linux.amd64 (Jun 29 2018 13:06:58) release log
00:00:00.115970 main     Log opened 2018-07-08T16:07:32.342151000Z
00:00:00.115973 main     Build Type: release
00:00:00.115977 main     OS Product: Linux
00:00:00.115978 main     OS Release: 4.15.0-24-generic
00:00:00.115979 main     OS Version: #26-Ubuntu SMP Wed Jun 13 08:44:47 UTC 2018
00:00:00.116005 main     DMI Product Name: 20EGS08J00
00:00:00.116016 main     DMI Product Version: ThinkPad W541
00:00:00.116069 main     Host RAM: 15669MB (15.3GB) total, 9966MB (9.7GB) available
00:00:00.116072 main     Executable: /usr/lib/virtualbox/VBoxSVC
00:00:00.116073 main     Process ID: 20077
00:00:00.116074 main     Package type: LINUX_64BITS__UBUNTU_18_04
00:00:00.117822 main     IPC socket path: /tmp/.vbox-huypq-ipc/ipcd
00:00:00.267737 nspr-2   VirtualBox: object creation starts
00:00:00.274831 nspr-2   Home directory: '/home/huypq/.config/VirtualBox'
00:00:00.285123 nspr-2   Loading settings file "/home/huypq/.config/VirtualBox/VirtualBox.xml" with version "1.12-linux"
00:00:00.328456 nspr-2   NetIfAdpCtlOut: VBoxNetAdpCtl: Error while retrieving link speed for wlp3s0: VBoxNetAdpCtl: ioctl failed: Operation not supported
00:00:00.339076 nspr-2   NAT: resolv.conf: nameserver 127.0.0.53
00:00:00.339096 nspr-2   HostDnsMonitor: old information
00:00:00.339100 nspr-2     no server entries
00:00:00.339103 nspr-2     no domain set
00:00:00.339105 nspr-2     no search string entries
00:00:00.339108 nspr-2   HostDnsMonitor: new information
00:00:00.339110 nspr-2     server 1: 127.0.0.53
00:00:00.339112 nspr-2     no domain set
00:00:00.339113 nspr-2     no search string entries
00:00:00.339116 nspr-2   HostDnsMonitorProxy::notify
00:00:00.373797 nspr-2   VD: VDInit finished with VINF_SUCCESS
00:00:00.415430 nspr-2   Loading settings file "/home/huypq/VirtualBox VMs/test/test.vbox" with version "1.16-linux"
00:00:00.426986 nspr-2   Loading settings file "/home/huypq/VirtualBox VMs/Win1064/Win1064.vbox" with version "1.15-linux"
00:00:00.464926 nspr-2   VirtualBox: object created
00:00:02.891962 nspr-5   Saving settings file "/home/huypq/.config/VirtualBox/VirtualBox.xml" with version "1.12-linux"
00:00:02.993154 nspr-3   Saving settings file "/home/huypq/.config/VirtualBox/VirtualBox.xml" with version "1.12-linux"
00:00:15.416468 nspr-3   Saving settings file "/home/huypq/VirtualBox VMs/myubuntu/myubuntu.vbox" with version "1.16-linux"
00:00:15.486847 nspr-3   WARNING [COM]: aRC=NS_ERROR_FAILURE (0x80004005) aIID={afca788c-4477-787d-60b2-3fa70e56fbbc} aComponent={HostWrap} aText={VirtualBox is not currently allowed to access USB devices.  You can change this by adding your user to the 'vboxusers' group.  Please see the user manual for a more detailed explanation}, preserve=true  aResultDetail=0
00:00:15.489994 nspr-3   Saving settings file "/home/huypq/VirtualBox VMs/myubuntu/myubuntu.vbox" with version "1.16-linux"
00:00:15.553875 nspr-3   Saving settings file "/home/huypq/.config/VirtualBox/VirtualBox.xml" with version "1.12-linux"
00:00:15.639392 nspr-3   Saving settings file "/home/huypq/VirtualBox VMs/myubuntu/myubuntu.vbox" with version "1.16-linux"
00:00:15.721518 nspr-3   ERROR [COM]: aRC=NS_ERROR_FAILURE (0x80004005) aIID={85cd948e-a71f-4289-281e-0ca7ad48cd89} aComponent={MachineWrap} aText={This machine does not have any snapshots}, preserve=false aResultDetail=0
00:00:17.327587 nspr-2   WARNING [COM]: aRC=NS_ERROR_FAILURE (0x80004005) aIID={afca788c-4477-787d-60b2-3fa70e56fbbc} aComponent={HostWrap} aText={VirtualBox is not currently allowed to access USB devices.  You can change this by adding your user to the 'vboxusers' group.  Please see the user manual for a more detailed explanation}, preserve=true  aResultDetail=0
00:00:17.538146 nspr-2   NetIfAdpCtlOut: VBoxNetAdpCtl: Error while retrieving link speed for wlp3s0: VBoxNetAdpCtl: ioctl failed: Operation not supported
00:00:17.542488 nspr-5   NetIfAdpCtlOut: VBoxNetAdpCtl: Error while retrieving link speed for wlp3s0: VBoxNetAdpCtl: ioctl failed: Operation not supported
00:00:17.559274 nspr-2   WARNING [COM]: aRC=NS_ERROR_FAILURE (0x80004005) aIID={afca788c-4477-787d-60b2-3fa70e56fbbc} aComponent={HostWrap} aText={VirtualBox is not currently allowed to access USB devices.  You can change this by adding your user to the 'vboxusers' group.  Please see the user manual for a more detailed explanation}, preserve=true  aResultDetail=0
00:00:17.559666 nspr-2   WARNING [COM]: aRC=NS_ERROR_FAILURE (0x80004005) aIID={afca788c-4477-787d-60b2-3fa70e56fbbc} aComponent={HostWrap} aText={VirtualBox is not currently allowed to access USB devices.  You can change this by adding your user to the 'vboxusers' group.  Please see the user manual for a more detailed explanation}, preserve=true  aResultDetail=0
00:01:15.309022 nspr-3   Saving settings file "/home/huypq/.config/VirtualBox/VirtualBox.xml" with version "1.12-linux"
00:01:15.380685 nspr-5   Saving settings file "/home/huypq/.config/VirtualBox/VirtualBox.xml" with version "1.12-linux"
00:01:16.384254 nspr-2   WARNING [COM]: aRC=NS_ERROR_FAILURE (0x80004005) aIID={afca788c-4477-787d-60b2-3fa70e56fbbc} aComponent={HostWrap} aText={VirtualBox is not currently allowed to access USB devices.  You can change this by adding your user to the 'vboxusers' group.  Please see the user manual for a more detailed explanation}, preserve=true  aResultDetail=0
00:01:16.386861 nspr-4   Saving settings file "/home/huypq/VirtualBox VMs/myubuntu/myubuntu.vbox" with version "1.16-linux"
00:01:16.442999 nspr-5   Saving settings file "/home/huypq/VirtualBox VMs/myubuntu/myubuntu.vbox" with version "1.16-linux"
00:01:18.228311 nspr-5   WARNING [COM]: aRC=NS_ERROR_FAILURE (0x80004005) aIID={afca788c-4477-787d-60b2-3fa70e56fbbc} aComponent={HostWrap} aText={VirtualBox is not currently allowed to access USB devices.  You can change this by adding your user to the 'vboxusers' group.  Please see the user manual for a more detailed explanation}, preserve=true  aResultDetail=0
00:01:18.229178 nspr-6   WARNING [COM]: aRC=NS_ERROR_FAILURE (0x80004005) aIID={afca788c-4477-787d-60b2-3fa70e56fbbc} aComponent={HostWrap} aText={VirtualBox is not currently allowed to access USB devices.  You can change this by adding your user to the 'vboxusers' group.  Please see the user manual for a more detailed explanation}, preserve=true  aResultDetail=0
00:01:18.243426 nspr-6   Load [/usr/lib/virtualbox/ExtensionPacks/Oracle_VM_VirtualBox_Extension_Pack/linux.amd64/VBoxHostWebcam.so] rc VINF_SUCCESS
00:01:18.367052 nspr-6   WARNING [COM]: aRC=NS_ERROR_FAILURE (0x80004005) aIID={afca788c-4477-787d-60b2-3fa70e56fbbc} aComponent={HostWrap} aText={VirtualBox is not currently allowed to access USB devices.  You can change this by adding your user to the 'vboxusers' group.  Please see the user manual for a more detailed explanation}, preserve=true  aResultDetail=0
00:01:18.444226 nspr-6   WARNING [COM]: aRC=NS_ERROR_FAILURE (0x80004005) aIID={afca788c-4477-787d-60b2-3fa70e56fbbc} aComponent={HostWrap} aText={VirtualBox is not currently allowed to access USB devices.  You can change this by adding your user to the 'vboxusers' group.  Please see the user manual for a more detailed explanation}, preserve=true  aResultDetail=0
00:01:18.444958 nspr-4   WARNING [COM]: aRC=NS_ERROR_FAILURE (0x80004005) aIID={afca788c-4477-787d-60b2-3fa70e56fbbc} aComponent={HostWrap} aText={VirtualBox is not currently allowed to access USB devices.  You can change this by adding your user to the 'vboxusers' group.  Please see the user manual for a more detailed explanation}, preserve=true  aResultDetail=0
00:01:18.461426 nspr-5   ERROR [COM]: aRC=VBOX_E_IPRT_ERROR (0x80bb0005) aIID={85cd948e-a71f-4289-281e-0ca7ad48cd89} aComponent={SessionMachine} aText={Saved screenshot data is not available (VERR_NOT_SUPPORTED)}, preserve=false aResultDetail=0
00:01:18.476444 nspr-4   NetIfAdpCtlOut: VBoxNetAdpCtl: Error while retrieving link speed for wlp3s0: VBoxNetAdpCtl: ioctl failed: Operation not supported
00:01:18.607093 nspr-2   WARNING [COM]: aRC=NS_ERROR_FAILURE (0x80004005) aIID={afca788c-4477-787d-60b2-3fa70e56fbbc} aComponent={HostWrap} aText={VirtualBox is not currently allowed to access USB devices.  You can change this by adding your user to the 'vboxusers' group.  Please see the user manual for a more detailed explanation}, preserve=true  aResultDetail=0
00:01:49.002652 nspr-2   Saving settings file "/home/huypq/VirtualBox VMs/myubuntu/myubuntu.vbox" with version "1.16-linux"
00:01:51.976827 nspr-6   Saving settings file "/home/huypq/VirtualBox VMs/myubuntu/myubuntu.vbox" with version "1.16-linux"
00:02:52.063636 nspr-2   Saving settings file "/home/huypq/VirtualBox VMs/myubuntu/myubuntu.vbox" with version "1.16-linux"
00:02:52.228004 nspr-2   Saving settings file "/home/huypq/VirtualBox VMs/myubuntu/myubuntu.vbox" with version "1.16-linux"
00:02:52.953505 nspr-2   Saving settings file "/home/huypq/VirtualBox VMs/myubuntu/myubuntu.vbox" with version "1.16-linux"
00:16:26.655430 nspr-4   WARNING [COM]: aRC=NS_ERROR_FAILURE (0x80004005) aIID={afca788c-4477-787d-60b2-3fa70e56fbbc} aComponent={HostWrap} aText={VirtualBox is not currently allowed to access USB devices.  You can change this by adding your user to the 'vboxusers' group.  Please see the user manual for a more detailed explanation}, preserve=true  aResultDetail=0
00:16:26.656106 nspr-5   WARNING [COM]: aRC=NS_ERROR_FAILURE (0x80004005) aIID={afca788c-4477-787d-60b2-3fa70e56fbbc} aComponent={HostWrap} aText={VirtualBox is not currently allowed to access USB devices.  You can change this by adding your user to the 'vboxusers' group.  Please see the user manual for a more detailed explanation}, preserve=true  aResultDetail=0
00:16:26.656775 nspr-8   Load [/usr/lib/virtualbox/ExtensionPacks/Oracle_VM_VirtualBox_Extension_Pack/linux.amd64/VBoxHostWebcam.so] rc VINF_SUCCESS
00:16:26.771148 nspr-5   WARNING [COM]: aRC=NS_ERROR_FAILURE (0x80004005) aIID={afca788c-4477-787d-60b2-3fa70e56fbbc} aComponent={HostWrap} aText={VirtualBox is not currently allowed to access USB devices.  You can change this by adding your user to the 'vboxusers' group.  Please see the user manual for a more detailed explanation}, preserve=true  aResultDetail=0
00:16:26.802157 nspr-4   WARNING [COM]: aRC=NS_ERROR_FAILURE (0x80004005) aIID={afca788c-4477-787d-60b2-3fa70e56fbbc} aComponent={HostWrap} aText={VirtualBox is not currently allowed to access USB devices.  You can change this by adding your user to the 'vboxusers' group.  Please see the user manual for a more detailed explanation}, preserve=true  aResultDetail=0
00:16:26.803252 nspr-5   WARNING [COM]: aRC=NS_ERROR_FAILURE (0x80004005) aIID={afca788c-4477-787d-60b2-3fa70e56fbbc} aComponent={HostWrap} aText={VirtualBox is not currently allowed to access USB devices.  You can change this by adding your user to the 'vboxusers' group.  Please see the user manual for a more detailed explanation}, preserve=true  aResultDetail=0
00:16:26.818498 nspr-4   ERROR [COM]: aRC=VBOX_E_IPRT_ERROR (0x80bb0005) aIID={85cd948e-a71f-4289-281e-0ca7ad48cd89} aComponent={SessionMachine} aText={Saved screenshot data is not available (VERR_NOT_SUPPORTED)}, preserve=false aResultDetail=0
00:16:26.837479 nspr-6   NetIfAdpCtlOut: VBoxNetAdpCtl: Error while retrieving link speed for wlp3s0: VBoxNetAdpCtl: ioctl failed: Operation not supported
00:16:26.896378 nspr-5   WARNING [COM]: aRC=NS_ERROR_FAILURE (0x80004005) aIID={afca788c-4477-787d-60b2-3fa70e56fbbc} aComponent={HostWrap} aText={VirtualBox is not currently allowed to access USB devices.  You can change this by adding your user to the 'vboxusers' group.  Please see the user manual for a more detailed explanation}, preserve=true  aResultDetail=0
00:18:12.507126 nspr-4   Saving settings file "/home/huypq/VirtualBox VMs/myubuntu/myubuntu.vbox" with version "1.16-linux"
00:18:12.584851 nspr-4   Saving settings file "/home/huypq/VirtualBox VMs/myubuntu/myubuntu.vbox" with version "1.16-linux"
00:18:14.280756 nspr-6   WARNING [COM]: aRC=NS_ERROR_FAILURE (0x80004005) aIID={afca788c-4477-787d-60b2-3fa70e56fbbc} aComponent={HostWrap} aText={VirtualBox is not currently allowed to access USB devices.  You can change this by adding your user to the 'vboxusers' group.  Please see the user manual for a more detailed explanation}, preserve=true  aResultDetail=0
00:18:14.281465 nspr-8   WARNING [COM]: aRC=NS_ERROR_FAILURE (0x80004005) aIID={afca788c-4477-787d-60b2-3fa70e56fbbc} aComponent={HostWrap} aText={VirtualBox is not currently allowed to access USB devices.  You can change this by adding your user to the 'vboxusers' group.  Please see the user manual for a more detailed explanation}, preserve=true  aResultDetail=0
00:18:14.282156 nspr-4   Load [/usr/lib/virtualbox/ExtensionPacks/Oracle_VM_VirtualBox_Extension_Pack/linux.amd64/VBoxHostWebcam.so] rc VINF_SUCCESS
00:18:14.398921 nspr-6   WARNING [COM]: aRC=NS_ERROR_FAILURE (0x80004005) aIID={afca788c-4477-787d-60b2-3fa70e56fbbc} aComponent={HostWrap} aText={VirtualBox is not currently allowed to access USB devices.  You can change this by adding your user to the 'vboxusers' group.  Please see the user manual for a more detailed explanation}, preserve=true  aResultDetail=0
00:18:14.424498 nspr-7   WARNING [COM]: aRC=NS_ERROR_FAILURE (0x80004005) aIID={afca788c-4477-787d-60b2-3fa70e56fbbc} aComponent={HostWrap} aText={VirtualBox is not currently allowed to access USB devices.  You can change this by adding your user to the 'vboxusers' group.  Please see the user manual for a more detailed explanation}, preserve=true  aResultDetail=0
00:18:14.425373 nspr-8   WARNING [COM]: aRC=NS_ERROR_FAILURE (0x80004005) aIID={afca788c-4477-787d-60b2-3fa70e56fbbc} aComponent={HostWrap} aText={VirtualBox is not currently allowed to access USB devices.  You can change this by adding your user to the 'vboxusers' group.  Please see the user manual for a more detailed explanation}, preserve=true  aResultDetail=0
00:18:14.436431 nspr-7   ERROR [COM]: aRC=VBOX_E_IPRT_ERROR (0x80bb0005) aIID={85cd948e-a71f-4289-281e-0ca7ad48cd89} aComponent={SessionMachine} aText={Saved screenshot data is not available (VERR_NOT_SUPPORTED)}, preserve=false aResultDetail=0
00:18:14.455404 nspr-6   NetIfAdpCtlOut: VBoxNetAdpCtl: Error while retrieving link speed for wlp3s0: VBoxNetAdpCtl: ioctl failed: Operation not supported
00:18:14.499886 nspr-6   WARNING [COM]: aRC=NS_ERROR_FAILURE (0x80004005) aIID={afca788c-4477-787d-60b2-3fa70e56fbbc} aComponent={HostWrap} aText={VirtualBox is not currently allowed to access USB devices.  You can change this by adding your user to the 'vboxusers' group.  Please see the user manual for a more detailed explanation}, preserve=true  aResultDetail=0
00:21:40.079384 nspr-5   Saving settings file "/home/huypq/VirtualBox VMs/myubuntu/myubuntu.vbox" with version "1.16-linux"
00:27:22.527205 nspr-8   Saving settings file "/home/huypq/VirtualBox VMs/myubuntu/myubuntu.vbox" with version "1.16-linux"
00:27:51.082604 nspr-5   Saving settings file "/home/huypq/VirtualBox VMs/myubuntu/myubuntu.vbox" with version "1.16-linux"
00:56:18.032239 nspr-3   Saving settings file "/home/huypq/.config/VirtualBox/VirtualBox.xml" with version "1.12-linux"
00:56:18.148100 nspr-2   Saving settings file "/home/huypq/.config/VirtualBox/VirtualBox.xml" with version "1.12-linux"
00:56:18.208979 nspr-3   Saving settings file "/home/huypq/.config/VirtualBox/VirtualBox.xml" with version "1.12-linux"
00:56:18.274799 nspr-8   Saving settings file "/home/huypq/.config/VirtualBox/VirtualBox.xml" with version "1.12-linux"
00:56:18.343743 nspr-5   Saving settings file "/home/huypq/.config/VirtualBox/VirtualBox.xml" with version "1.12-linux"
00:56:27.999350 nspr-5   Saving settings file "/home/huypq/VirtualBox VMs/myubuntu/myubuntu.vbox" with version "1.16-linux"
00:56:28.733482 nspr-7   Saving settings file "/home/huypq/VirtualBox VMs/myubuntu/myubuntu.vbox" with version "1.16-linux"
00:56:34.301188 main     VirtualBox: object deletion starts
00:56:34.301227 main     ERROR [COM]: aRC=VBOX_E_OBJECT_IN_USE (0x80bb000c) aIID={4afe423b-43e0-e9d0-82e8-ceb307940dda} aComponent={MediumWrap} aText={Medium '/home/huypq/VirtualBox VMs/test/test.vdi' cannot be closed because it is still attached to 1 virtual machines}, preserve=false aResultDetail=0
00:56:34.301350 main     ERROR [COM]: aRC=VBOX_E_OBJECT_IN_USE (0x80bb000c) aIID={4afe423b-43e0-e9d0-82e8-ceb307940dda} aComponent={MediumWrap} aText={Medium '/home/huypq/VirtualBox VMs/Win1064/Win1064.vdi' cannot be closed because it is still attached to 1 virtual machines}, preserve=false aResultDetail=0
00:56:34.301467 main     ERROR [COM]: aRC=VBOX_E_OBJECT_IN_USE (0x80bb000c) aIID={4afe423b-43e0-e9d0-82e8-ceb307940dda} aComponent={MediumWrap} aText={Medium '/home/huypq/VirtualBox VMs/myubuntu/myubuntu.vdi' cannot be closed because it is still attached to 1 virtual machines}, preserve=false aResultDetail=0
00:56:34.502187 Watcher  ERROR [COM]: aRC=E_ACCESSDENIED (0x80070005) aIID={9570b9d5-f1a1-448a-10c5-e12f5285adad} aComponent={VirtualBoxWrap} aText={The object is not ready}, preserve=false aResultDetail=0
00:56:39.301910 main     {00007f676c018240} HostPowerServiceLinux::~HostPowerServiceLinux: RTThreadWait() for 5000 ms failed with VERR_TIMEOUT
00:56:39.302252 main     VirtualBox: object deleted
